#
# A fatal error has been detected by the Java Runtime Environment:
#
#  EXCEPTION_ACCESS_VIOLATION (0xc0000005) at pc=0x00007ff98dd5e537, pid=9472, tid=9528
#
# JRE version: OpenJDK Runtime Environment (15.0.2+7) (build 15.0.2+7-27)
# Java VM: OpenJDK 64-Bit Server VM (15.0.2+7-27, mixed mode, tiered, compressed oops, g1 gc, windows-amd64)
# Problematic frame:
# V  [jvm.dll+0x5de537]
#
# No core dump will be written. Minidumps are not enabled by default on client versions of Windows
#
# If you would like to submit a bug report, please visit:
#   https://bugreport.java.com/bugreport/crash.jsp
#

---------------  S U M M A R Y ------------

Command Line: -XX:+ShowCodeDetailsInExceptionMessages -agentlib:jdwp=transport=dt_socket,suspend=y,address=localhost:60955 -javaagent:C:\Users\Hector.H\Documents\eclipse\configuration\org.eclipse.osgi\412\0\.cp\lib\javaagent-shaded.jar -Dfile.encoding=Cp1252 Exemplo02

Host: Intel(R) Core(TM) i5-3230M CPU @ 2.60GHz, 4 cores, 7G,  Windows 10 , 64 bit Build 14393 (10.0.14393.4350)
Time: Mon Jun  7 07:52:07 2021 Hora oficial do Brasil elapsed time: 245.852203 seconds (0d 0h 4m 5s)

---------------  T H R E A D  ---------------

Current thread (0x00000210279e8450):  VMThread "VM Thread" [stack: 0x00000041f2500000,0x00000041f2600000] [id=9528] _threads_hazard_ptr=0x0000021028a97510

Stack: [0x00000041f2500000,0x00000041f2600000],  sp=0x00000041f25fdf60,  free space=1015k
Native frames: (J=compiled Java code, j=interpreted, Vv=VM code, C=native code)
V  [jvm.dll+0x5de537]
V  [jvm.dll+0x4dda2a]
V  [jvm.dll+0x4db8f3]
V  [jvm.dll+0x78426b]
V  [jvm.dll+0x7880a3]
V  [jvm.dll+0x788965]
V  [jvm.dll+0x788b9e]
V  [jvm.dll+0x73d75a]
V  [jvm.dll+0x629c56]
C  [ucrtbase.dll+0x1fb80]
C  [KERNEL32.DLL+0x84d4]
C  [ntdll.dll+0x51781]


siginfo: EXCEPTION_ACCESS_VIOLATION (0xc0000005), reading address 0xffffffffffffffff


Register to memory mapping:

RIP=0x00007ff98dd5e537 jvm.dll
RAX=0x00ca0210292a83d0 is an unknown value
RBX={method} {0x00000210292a8420} 
[error occurred during error reporting (printing register info), id 0xc0000005, EXCEPTION_ACCESS_VIOLATION (0xc0000005) at pc=0x00007ff98dd6064a]

Registers:
RAX=0x00ca0210292a83d0, RBX=0x00000210292a8418, RCX=0x0000000000000000, RDX=0x00000041f25fdf80
RSP=0x00000041f25fdf60, RBP=0x00000210279e2a10, RSI=0x0000000000000001, RDI=0x000002100dfca950
R8 =0x00000210279aeba0, R9 =0x00000041f25fe030, R10=0x0000000000000000, R11=0x0000000000000000
R12=0x0000021028c5afb0, R13=0x00000210279ae620, R14=0x0000000000000000, R15=0x00000210279e2a00
RIP=0x00007ff98dd5e537, EFLAGS=0x0000000000010206

Top of Stack: (sp=0x00000041f25fdf60)
0x00000041f25fdf60:   00000210292a8418 0000000000000001
0x00000041f25fdf70:   00000210119c8a90 0000000000000000
0x00000041f25fdf80:   00000210292a8418 00000210279e8450
0x00000041f25fdf90:   0000000000000000 00007ff98dc5da2a
0x00000041f25fdfa0:   00000210292a8418 00000210283cbbd0
0x00000041f25fdfb0:   0000000089ccaa00 000002100dfb0eb0
0x00000041f25fdfc0:   00000210279e2a10 00000210279e2a00
0x00000041f25fdfd0:   0000000000000001 00000000000003d8
0x00000041f25fdfe0:   00000210279e2de8 00000041f2fff6d0
0x00000041f25fdff0:   00000210279e8450 00000210279aeba0
0x00000041f25fe000:   000002100dfb25d0 000002100dfb25e0
0x00000041f25fe010:   000002100dfb26b8 00000000000000d8
0x00000041f25fe020:   00000041f25ff520 0000000000000000
0x00000041f25fe030:   0000000000000000 0000000000000000
0x00000041f25fe040:   0000000000000000 0000000000000000
0x00000041f25fe050:   00000041f2eff3a0 00000041f2eff3a0 

Instructions: (pc=0x00007ff98dd5e537)
0x00007ff98dd5e437:   cc cc cc cc cc cc cc cc cc 4c 8b 49 08 45 0f b7
0x00007ff98dd5e447:   41 28 45 85 c0 74 73 b8 cd cc cc cc 41 f7 e0 c1
0x00007ff98dd5e457:   ea 02 8d 0c 92 44 3b c1 75 60 41 80 79 38 2a 49
0x00007ff98dd5e467:   8d 49 38 75 55 80 79 01 b7 75 4f 49 ff c8 41 80
0x00007ff98dd5e477:   3c 08 b1 75 45 49 83 f8 04 7e 3c 49 c7 c1 fe ff
0x00007ff98dd5e487:   ff ff 48 8d 41 06 4c 2b c9 80 78 fe 2a 75 2b 0f
0x00007ff98dd5e497:   b6 50 ff 8d 4a ff f6 c1 f5 75 05 80 fa 09 75 05
0x00007ff98dd5e4a7:   80 fa 0e 75 15 80 38 b5 75 10 48 83 c0 05 49 8d
0x00007ff98dd5e4b7:   0c 01 49 3b c8 7c d2 b0 01 c3 32 c0 c3 cc cc cc
0x00007ff98dd5e4c7:   cc cc cc cc cc cc cc cc cc 48 89 5c 24 10 57 48
0x00007ff98dd5e4d7:   83 ec 30 65 48 8b 04 25 58 00 00 00 48 8b d9 8b
0x00007ff98dd5e4e7:   15 e0 19 4f 00 48 8b 3c d0 b8 40 00 00 00 80 3c
0x00007ff98dd5e4f7:   38 00 75 05 e8 0c a6 1f 00 b9 08 00 00 00 48 89
0x00007ff98dd5e507:   5c 24 20 48 8b 0c 39 48 89 4c 24 28 48 85 db 74
0x00007ff98dd5e517:   16 48 8b 89 a0 02 00 00 48 8d 54 24 40 48 89 5c
0x00007ff98dd5e527:   24 40 e8 e2 de a2 ff 48 8b 43 08 48 8d 54 24 20
0x00007ff98dd5e537:   48 8b 48 08 48 8b 49 18 e8 9c ad d5 ff 48 8d 4c
0x00007ff98dd5e547:   24 20 48 8b d8 e8 5f 5f d3 ff 48 8b c3 48 8b 5c
0x00007ff98dd5e557:   24 48 48 83 c4 30 5f c3 cc 40 53 48 83 ec 20 48
0x00007ff98dd5e567:   8b 81 98 00 00 00 48 8b d9 48 8b 48 08 48 85 c9
0x00007ff98dd5e577:   74 39 ff 15 89 5a 41 00 48 85 c0 74 2e 48 8b 83
0x00007ff98dd5e587:   98 00 00 00 48 8b 48 08 48 85 c9 75 04 33 c0 eb
0x00007ff98dd5e597:   06 ff 15 6a 5a 41 00 48 8b c8 e8 da 74 12 00 84
0x00007ff98dd5e5a7:   c0 75 08 33 c0 48 83 c4 20 5b c3 48 8b 4b 18 48
0x00007ff98dd5e5b7:   83 c4 20 5b e9 d0 8a 1a 00 48 8b 41 08 48 8b 48
0x00007ff98dd5e5c7:   08 48 8b 41 18 48 8b 40 18 c3 cc cc cc cc cc cc
0x00007ff98dd5e5d7:   cc cc cc cc cc cc cc cc cc 48 89 5c 24 08 48 89
0x00007ff98dd5e5e7:   74 24 10 57 48 83 ec 40 33 ff be ff ff ff ff 3b
0x00007ff98dd5e5f7:   d6 8b df 0f 45 da 85 db 0f 88 be 00 00 00 48 8b
0x00007ff98dd5e607:   49 08 0f b7 41 28 3b d8 0f 8d ae 00 00 00 f6 41
0x00007ff98dd5e617:   24 01 0f 84 a4 00 00 00 e8 fc d1 c2 ff 8b d7 48
0x00007ff98dd5e627:   89 44 24 20 89 54 24 30 4c 8b d0 44 8b cf 89 7c 


Stack slot to memory mapping:
stack at sp + 0 slots: {method} {0x00000210292a8420} 
[error occurred during error reporting (inspecting top of stack), id 0xc0000005, EXCEPTION_ACCESS_VIOLATION (0xc0000005) at pc=0x00007ff98dd6064a]

VM_Operation (0x00000041f2fff530): GetStackTrace, mode: safepoint, requested by thread 0x00000210284c83c0


---------------  P R O C E S S  ---------------

Threads class SMR info:
_java_thread_list=0x0000021028a97510, length=14, elements={
0x000002100dfb0eb0, 0x0000021027a01050, 0x0000021027a044b0, 0x00000210282194a0,
0x000002102821c930, 0x000002102821deb0, 0x0000021028251390, 0x0000021028254860,
0x00000210282be8c0, 0x0000021028329400, 0x00000210284c83c0, 0x00000210284d9da0,
0x00000210284ea480, 0x000002102860e210
}

Java Threads: ( => current thread )
  0x000002100dfb0eb0 JavaThread "main" [_thread_blocked, id=10368, stack(0x00000041f1f00000,0x00000041f2000000)]
  0x0000021027a01050 JavaThread "Reference Handler" daemon [_thread_blocked, id=10312, stack(0x00000041f2600000,0x00000041f2700000)]
  0x0000021027a044b0 JavaThread "Finalizer" daemon [_thread_blocked, id=10808, stack(0x00000041f2700000,0x00000041f2800000)]
  0x00000210282194a0 JavaThread "Signal Dispatcher" daemon [_thread_blocked, id=9984, stack(0x00000041f2800000,0x00000041f2900000)]
  0x000002102821c930 JavaThread "Attach Listener" daemon [_thread_blocked, id=8936, stack(0x00000041f2900000,0x00000041f2a00000)]
  0x000002102821deb0 JavaThread "Service Thread" daemon [_thread_blocked, id=8208, stack(0x00000041f2a00000,0x00000041f2b00000)]
  0x0000021028251390 JavaThread "C2 CompilerThread0" daemon [_thread_blocked, id=3872, stack(0x00000041f2b00000,0x00000041f2c00000)]
  0x0000021028254860 JavaThread "C1 CompilerThread0" daemon [_thread_blocked, id=224, stack(0x00000041f2c00000,0x00000041f2d00000)]
  0x00000210282be8c0 JavaThread "Sweeper thread" daemon [_thread_blocked, id=3576, stack(0x00000041f2d00000,0x00000041f2e00000)]
  0x0000021028329400 JavaThread "Common-Cleaner" daemon [_thread_blocked, id=5812, stack(0x00000041f2e00000,0x00000041f2f00000)]
  0x00000210284c83c0 JavaThread "JDWP Transport Listener: dt_socket" daemon [_thread_blocked, id=4112, stack(0x00000041f2f00000,0x00000041f3000000)] _threads_hazard_ptr=0x0000021028a97510
  0x00000210284d9da0 JavaThread "JDWP Event Helper Thread" daemon [_thread_blocked, id=1984, stack(0x00000041f3000000,0x00000041f3100000)]
  0x00000210284ea480 JavaThread "JDWP Command Reader" daemon [_thread_in_native, id=2632, stack(0x00000041f3100000,0x00000041f3200000)]
  0x000002102860e210 JavaThread "Notification Thread" daemon [_thread_blocked, id=324, stack(0x00000041f3200000,0x00000041f3300000)]

Other Threads:
=>0x00000210279e8450 VMThread "VM Thread" [stack: 0x00000041f2500000,0x00000041f2600000] [id=9528]
  0x0000021028a906a0 WatcherThread [stack: 0x00000041f3300000,0x00000041f3400000] [id=1564]
  0x000002100dff3320 GCTaskThread "GC Thread#0" [stack: 0x00000041f2000000,0x00000041f2100000] [id=9988]
  0x000002100e004140 ConcurrentGCThread "G1 Main Marker" [stack: 0x00000041f2100000,0x00000041f2200000] [id=10628]
  0x000002100e006890 ConcurrentGCThread "G1 Conc#0" [stack: 0x00000041f2200000,0x00000041f2300000] [id=9420]
  0x000002100e07da70 ConcurrentGCThread "G1 Refine#0" [stack: 0x00000041f2300000,0x00000041f2400000] [id=2160]
  0x000002100e07ea20 ConcurrentGCThread "G1 Young RemSet Sampling" [stack: 0x00000041f2400000,0x00000041f2500000] [id=10636]

Threads with active compile tasks:

VM state: at safepoint (normal execution)

VM Mutex/Monitor currently owned by a thread:  ([mutex/lock_event])
[0x000002100dfaccb0] Threads_lock - owner thread: 0x00000210279e8450

Heap address: 0x0000000081e00000, size: 2018 MB, Compressed Oops mode: 32-bit
CDS disabled.
Compressed class space mapped at: 0x0000000100000000-0x0000000140000000, size: 1073741824
Narrow klass base: 0x0000000000000000, Narrow klass shift: 3, Narrow klass range: 0x140000000

GC Precious Log:
 CPUs: 4 total, 4 available
 Memory: 8068M
 Large Page Support: Disabled
 NUMA Support: Disabled
 Compressed Oops: Enabled (32-bit)
 Heap Region Size: 1M
 Heap Min Capacity: 8M
 Heap Initial Capacity: 128M
 Heap Max Capacity: 2018M
 Pre-touch: Disabled
 Parallel Workers: 4
 Concurrent Workers: 1
 Concurrent Refinement Workers: 4
 Periodic GC: Disabled

Heap:
 garbage-first heap   total 131072K, used 4096K [0x0000000081e00000, 0x0000000100000000)
  region size 1024K, 5 young (5120K), 0 survivors (0K)
 Metaspace       used 9257K, capacity 9374K, committed 9600K, reserved 1058816K
  class space    used 788K, capacity 821K, committed 896K, reserved 1048576K

Heap Regions: E=young(eden), S=young(survivor), O=old, HS=humongous(starts), HC=humongous(continues), CS=collection set, F=free, OA=open archive, CA=closed archive, TAMS=top-at-mark-start (previous, next)
|   0|0x0000000081e00000, 0x0000000081e00000, 0x0000000081f00000|  0%| F|  |TAMS 0x0000000081e00000, 0x0000000081e00000| Untracked 
|   1|0x0000000081f00000, 0x0000000081f00000, 0x0000000082000000|  0%| F|  |TAMS 0x0000000081f00000, 0x0000000081f00000| Untracked 
|   2|0x0000000082000000, 0x0000000082000000, 0x0000000082100000|  0%| F|  |TAMS 0x0000000082000000, 0x0000000082000000| Untracked 
|   3|0x0000000082100000, 0x0000000082100000, 0x0000000082200000|  0%| F|  |TAMS 0x0000000082100000, 0x0000000082100000| Untracked 
|   4|0x0000000082200000, 0x0000000082200000, 0x0000000082300000|  0%| F|  |TAMS 0x0000000082200000, 0x0000000082200000| Untracked 
|   5|0x0000000082300000, 0x0000000082300000, 0x0000000082400000|  0%| F|  |TAMS 0x0000000082300000, 0x0000000082300000| Untracked 
|   6|0x0000000082400000, 0x0000000082400000, 0x0000000082500000|  0%| F|  |TAMS 0x0000000082400000, 0x0000000082400000| Untracked 
|   7|0x0000000082500000, 0x0000000082500000, 0x0000000082600000|  0%| F|  |TAMS 0x0000000082500000, 0x0000000082500000| Untracked 
|   8|0x0000000082600000, 0x0000000082600000, 0x0000000082700000|  0%| F|  |TAMS 0x0000000082600000, 0x0000000082600000| Untracked 
|   9|0x0000000082700000, 0x0000000082700000, 0x0000000082800000|  0%| F|  |TAMS 0x0000000082700000, 0x0000000082700000| Untracked 
|  10|0x0000000082800000, 0x0000000082800000, 0x0000000082900000|  0%| F|  |TAMS 0x0000000082800000, 0x0000000082800000| Untracked 
|  11|0x0000000082900000, 0x0000000082900000, 0x0000000082a00000|  0%| F|  |TAMS 0x0000000082900000, 0x0000000082900000| Untracked 
|  12|0x0000000082a00000, 0x0000000082a00000, 0x0000000082b00000|  0%| F|  |TAMS 0x0000000082a00000, 0x0000000082a00000| Untracked 
|  13|0x0000000082b00000, 0x0000000082b00000, 0x0000000082c00000|  0%| F|  |TAMS 0x0000000082b00000, 0x0000000082b00000| Untracked 
|  14|0x0000000082c00000, 0x0000000082c00000, 0x0000000082d00000|  0%| F|  |TAMS 0x0000000082c00000, 0x0000000082c00000| Untracked 
|  15|0x0000000082d00000, 0x0000000082d00000, 0x0000000082e00000|  0%| F|  |TAMS 0x0000000082d00000, 0x0000000082d00000| Untracked 
|  16|0x0000000082e00000, 0x0000000082e00000, 0x0000000082f00000|  0%| F|  |TAMS 0x0000000082e00000, 0x0000000082e00000| Untracked 
|  17|0x0000000082f00000, 0x0000000082f00000, 0x0000000083000000|  0%| F|  |TAMS 0x0000000082f00000, 0x0000000082f00000| Untracked 
|  18|0x0000000083000000, 0x0000000083000000, 0x0000000083100000|  0%| F|  |TAMS 0x0000000083000000, 0x0000000083000000| Untracked 
|  19|0x0000000083100000, 0x0000000083100000, 0x0000000083200000|  0%| F|  |TAMS 0x0000000083100000, 0x0000000083100000| Untracked 
|  20|0x0000000083200000, 0x0000000083200000, 0x0000000083300000|  0%| F|  |TAMS 0x0000000083200000, 0x0000000083200000| Untracked 
|  21|0x0000000083300000, 0x0000000083300000, 0x0000000083400000|  0%| F|  |TAMS 0x0000000083300000, 0x0000000083300000| Untracked 
|  22|0x0000000083400000, 0x0000000083400000, 0x0000000083500000|  0%| F|  |TAMS 0x0000000083400000, 0x0000000083400000| Untracked 
|  23|0x0000000083500000, 0x0000000083500000, 0x0000000083600000|  0%| F|  |TAMS 0x0000000083500000, 0x0000000083500000| Untracked 
|  24|0x0000000083600000, 0x0000000083600000, 0x0000000083700000|  0%| F|  |TAMS 0x0000000083600000, 0x0000000083600000| Untracked 
|  25|0x0000000083700000, 0x0000000083700000, 0x0000000083800000|  0%| F|  |TAMS 0x0000000083700000, 0x0000000083700000| Untracked 
|  26|0x0000000083800000, 0x0000000083800000, 0x0000000083900000|  0%| F|  |TAMS 0x0000000083800000, 0x0000000083800000| Untracked 
|  27|0x0000000083900000, 0x0000000083900000, 0x0000000083a00000|  0%| F|  |TAMS 0x0000000083900000, 0x0000000083900000| Untracked 
|  28|0x0000000083a00000, 0x0000000083a00000, 0x0000000083b00000|  0%| F|  |TAMS 0x0000000083a00000, 0x0000000083a00000| Untracked 
|  29|0x0000000083b00000, 0x0000000083b00000, 0x0000000083c00000|  0%| F|  |TAMS 0x0000000083b00000, 0x0000000083b00000| Untracked 
|  30|0x0000000083c00000, 0x0000000083c00000, 0x0000000083d00000|  0%| F|  |TAMS 0x0000000083c00000, 0x0000000083c00000| Untracked 
|  31|0x0000000083d00000, 0x0000000083d00000, 0x0000000083e00000|  0%| F|  |TAMS 0x0000000083d00000, 0x0000000083d00000| Untracked 
|  32|0x0000000083e00000, 0x0000000083e00000, 0x0000000083f00000|  0%| F|  |TAMS 0x0000000083e00000, 0x0000000083e00000| Untracked 
|  33|0x0000000083f00000, 0x0000000083f00000, 0x0000000084000000|  0%| F|  |TAMS 0x0000000083f00000, 0x0000000083f00000| Untracked 
|  34|0x0000000084000000, 0x0000000084000000, 0x0000000084100000|  0%| F|  |TAMS 0x0000000084000000, 0x0000000084000000| Untracked 
|  35|0x0000000084100000, 0x0000000084100000, 0x0000000084200000|  0%| F|  |TAMS 0x0000000084100000, 0x0000000084100000| Untracked 
|  36|0x0000000084200000, 0x0000000084200000, 0x0000000084300000|  0%| F|  |TAMS 0x0000000084200000, 0x0000000084200000| Untracked 
|  37|0x0000000084300000, 0x0000000084300000, 0x0000000084400000|  0%| F|  |TAMS 0x0000000084300000, 0x0000000084300000| Untracked 
|  38|0x0000000084400000, 0x0000000084400000, 0x0000000084500000|  0%| F|  |TAMS 0x0000000084400000, 0x0000000084400000| Untracked 
|  39|0x0000000084500000, 0x0000000084500000, 0x0000000084600000|  0%| F|  |TAMS 0x0000000084500000, 0x0000000084500000| Untracked 
|  40|0x0000000084600000, 0x0000000084600000, 0x0000000084700000|  0%| F|  |TAMS 0x0000000084600000, 0x0000000084600000| Untracked 
|  41|0x0000000084700000, 0x0000000084700000, 0x0000000084800000|  0%| F|  |TAMS 0x0000000084700000, 0x0000000084700000| Untracked 
|  42|0x0000000084800000, 0x0000000084800000, 0x0000000084900000|  0%| F|  |TAMS 0x0000000084800000, 0x0000000084800000| Untracked 
|  43|0x0000000084900000, 0x0000000084900000, 0x0000000084a00000|  0%| F|  |TAMS 0x0000000084900000, 0x0000000084900000| Untracked 
|  44|0x0000000084a00000, 0x0000000084a00000, 0x0000000084b00000|  0%| F|  |TAMS 0x0000000084a00000, 0x0000000084a00000| Untracked 
|  45|0x0000000084b00000, 0x0000000084b00000, 0x0000000084c00000|  0%| F|  |TAMS 0x0000000084b00000, 0x0000000084b00000| Untracked 
|  46|0x0000000084c00000, 0x0000000084c00000, 0x0000000084d00000|  0%| F|  |TAMS 0x0000000084c00000, 0x0000000084c00000| Untracked 
|  47|0x0000000084d00000, 0x0000000084d00000, 0x0000000084e00000|  0%| F|  |TAMS 0x0000000084d00000, 0x0000000084d00000| Untracked 
|  48|0x0000000084e00000, 0x0000000084e00000, 0x0000000084f00000|  0%| F|  |TAMS 0x0000000084e00000, 0x0000000084e00000| Untracked 
|  49|0x0000000084f00000, 0x0000000084f00000, 0x0000000085000000|  0%| F|  |TAMS 0x0000000084f00000, 0x0000000084f00000| Untracked 
|  50|0x0000000085000000, 0x0000000085000000, 0x0000000085100000|  0%| F|  |TAMS 0x0000000085000000, 0x0000000085000000| Untracked 
|  51|0x0000000085100000, 0x0000000085100000, 0x0000000085200000|  0%| F|  |TAMS 0x0000000085100000, 0x0000000085100000| Untracked 
|  52|0x0000000085200000, 0x0000000085200000, 0x0000000085300000|  0%| F|  |TAMS 0x0000000085200000, 0x0000000085200000| Untracked 
|  53|0x0000000085300000, 0x0000000085300000, 0x0000000085400000|  0%| F|  |TAMS 0x0000000085300000, 0x0000000085300000| Untracked 
|  54|0x0000000085400000, 0x0000000085400000, 0x0000000085500000|  0%| F|  |TAMS 0x0000000085400000, 0x0000000085400000| Untracked 
|  55|0x0000000085500000, 0x0000000085500000, 0x0000000085600000|  0%| F|  |TAMS 0x0000000085500000, 0x0000000085500000| Untracked 
|  56|0x0000000085600000, 0x0000000085600000, 0x0000000085700000|  0%| F|  |TAMS 0x0000000085600000, 0x0000000085600000| Untracked 
|  57|0x0000000085700000, 0x0000000085700000, 0x0000000085800000|  0%| F|  |TAMS 0x0000000085700000, 0x0000000085700000| Untracked 
|  58|0x0000000085800000, 0x0000000085800000, 0x0000000085900000|  0%| F|  |TAMS 0x0000000085800000, 0x0000000085800000| Untracked 
|  59|0x0000000085900000, 0x0000000085900000, 0x0000000085a00000|  0%| F|  |TAMS 0x0000000085900000, 0x0000000085900000| Untracked 
|  60|0x0000000085a00000, 0x0000000085a00000, 0x0000000085b00000|  0%| F|  |TAMS 0x0000000085a00000, 0x0000000085a00000| Untracked 
|  61|0x0000000085b00000, 0x0000000085b00000, 0x0000000085c00000|  0%| F|  |TAMS 0x0000000085b00000, 0x0000000085b00000| Untracked 
|  62|0x0000000085c00000, 0x0000000085c00000, 0x0000000085d00000|  0%| F|  |TAMS 0x0000000085c00000, 0x0000000085c00000| Untracked 
|  63|0x0000000085d00000, 0x0000000085d00000, 0x0000000085e00000|  0%| F|  |TAMS 0x0000000085d00000, 0x0000000085d00000| Untracked 
|  64|0x0000000085e00000, 0x0000000085e00000, 0x0000000085f00000|  0%| F|  |TAMS 0x0000000085e00000, 0x0000000085e00000| Untracked 
|  65|0x0000000085f00000, 0x0000000085f00000, 0x0000000086000000|  0%| F|  |TAMS 0x0000000085f00000, 0x0000000085f00000| Untracked 
|  66|0x0000000086000000, 0x0000000086000000, 0x0000000086100000|  0%| F|  |TAMS 0x0000000086000000, 0x0000000086000000| Untracked 
|  67|0x0000000086100000, 0x0000000086100000, 0x0000000086200000|  0%| F|  |TAMS 0x0000000086100000, 0x0000000086100000| Untracked 
|  68|0x0000000086200000, 0x0000000086200000, 0x0000000086300000|  0%| F|  |TAMS 0x0000000086200000, 0x0000000086200000| Untracked 
|  69|0x0000000086300000, 0x0000000086300000, 0x0000000086400000|  0%| F|  |TAMS 0x0000000086300000, 0x0000000086300000| Untracked 
|  70|0x0000000086400000, 0x0000000086400000, 0x0000000086500000|  0%| F|  |TAMS 0x0000000086400000, 0x0000000086400000| Untracked 
|  71|0x0000000086500000, 0x0000000086500000, 0x0000000086600000|  0%| F|  |TAMS 0x0000000086500000, 0x0000000086500000| Untracked 
|  72|0x0000000086600000, 0x0000000086600000, 0x0000000086700000|  0%| F|  |TAMS 0x0000000086600000, 0x0000000086600000| Untracked 
|  73|0x0000000086700000, 0x0000000086700000, 0x0000000086800000|  0%| F|  |TAMS 0x0000000086700000, 0x0000000086700000| Untracked 
|  74|0x0000000086800000, 0x0000000086800000, 0x0000000086900000|  0%| F|  |TAMS 0x0000000086800000, 0x0000000086800000| Untracked 
|  75|0x0000000086900000, 0x0000000086900000, 0x0000000086a00000|  0%| F|  |TAMS 0x0000000086900000, 0x0000000086900000| Untracked 
|  76|0x0000000086a00000, 0x0000000086a00000, 0x0000000086b00000|  0%| F|  |TAMS 0x0000000086a00000, 0x0000000086a00000| Untracked 
|  77|0x0000000086b00000, 0x0000000086b00000, 0x0000000086c00000|  0%| F|  |TAMS 0x0000000086b00000, 0x0000000086b00000| Untracked 
|  78|0x0000000086c00000, 0x0000000086c00000, 0x0000000086d00000|  0%| F|  |TAMS 0x0000000086c00000, 0x0000000086c00000| Untracked 
|  79|0x0000000086d00000, 0x0000000086d00000, 0x0000000086e00000|  0%| F|  |TAMS 0x0000000086d00000, 0x0000000086d00000| Untracked 
|  80|0x0000000086e00000, 0x0000000086e00000, 0x0000000086f00000|  0%| F|  |TAMS 0x0000000086e00000, 0x0000000086e00000| Untracked 
|  81|0x0000000086f00000, 0x0000000086f00000, 0x0000000087000000|  0%| F|  |TAMS 0x0000000086f00000, 0x0000000086f00000| Untracked 
|  82|0x0000000087000000, 0x0000000087000000, 0x0000000087100000|  0%| F|  |TAMS 0x0000000087000000, 0x0000000087000000| Untracked 
|  83|0x0000000087100000, 0x0000000087100000, 0x0000000087200000|  0%| F|  |TAMS 0x0000000087100000, 0x0000000087100000| Untracked 
|  84|0x0000000087200000, 0x0000000087200000, 0x0000000087300000|  0%| F|  |TAMS 0x0000000087200000, 0x0000000087200000| Untracked 
|  85|0x0000000087300000, 0x0000000087300000, 0x0000000087400000|  0%| F|  |TAMS 0x0000000087300000, 0x0000000087300000| Untracked 
|  86|0x0000000087400000, 0x0000000087400000, 0x0000000087500000|  0%| F|  |TAMS 0x0000000087400000, 0x0000000087400000| Untracked 
|  87|0x0000000087500000, 0x0000000087500000, 0x0000000087600000|  0%| F|  |TAMS 0x0000000087500000, 0x0000000087500000| Untracked 
|  88|0x0000000087600000, 0x0000000087600000, 0x0000000087700000|  0%| F|  |TAMS 0x0000000087600000, 0x0000000087600000| Untracked 
|  89|0x0000000087700000, 0x0000000087700000, 0x0000000087800000|  0%| F|  |TAMS 0x0000000087700000, 0x0000000087700000| Untracked 
|  90|0x0000000087800000, 0x0000000087800000, 0x0000000087900000|  0%| F|  |TAMS 0x0000000087800000, 0x0000000087800000| Untracked 
|  91|0x0000000087900000, 0x0000000087900000, 0x0000000087a00000|  0%| F|  |TAMS 0x0000000087900000, 0x0000000087900000| Untracked 
|  92|0x0000000087a00000, 0x0000000087a00000, 0x0000000087b00000|  0%| F|  |TAMS 0x0000000087a00000, 0x0000000087a00000| Untracked 
|  93|0x0000000087b00000, 0x0000000087b00000, 0x0000000087c00000|  0%| F|  |TAMS 0x0000000087b00000, 0x0000000087b00000| Untracked 
|  94|0x0000000087c00000, 0x0000000087c00000, 0x0000000087d00000|  0%| F|  |TAMS 0x0000000087c00000, 0x0000000087c00000| Untracked 
|  95|0x0000000087d00000, 0x0000000087d00000, 0x0000000087e00000|  0%| F|  |TAMS 0x0000000087d00000, 0x0000000087d00000| Untracked 
|  96|0x0000000087e00000, 0x0000000087e00000, 0x0000000087f00000|  0%| F|  |TAMS 0x0000000087e00000, 0x0000000087e00000| Untracked 
|  97|0x0000000087f00000, 0x0000000087f00000, 0x0000000088000000|  0%| F|  |TAMS 0x0000000087f00000, 0x0000000087f00000| Untracked 
|  98|0x0000000088000000, 0x0000000088000000, 0x0000000088100000|  0%| F|  |TAMS 0x0000000088000000, 0x0000000088000000| Untracked 
|  99|0x0000000088100000, 0x0000000088100000, 0x0000000088200000|  0%| F|  |TAMS 0x0000000088100000, 0x0000000088100000| Untracked 
| 100|0x0000000088200000, 0x0000000088200000, 0x0000000088300000|  0%| F|  |TAMS 0x0000000088200000, 0x0000000088200000| Untracked 
| 101|0x0000000088300000, 0x0000000088300000, 0x0000000088400000|  0%| F|  |TAMS 0x0000000088300000, 0x0000000088300000| Untracked 
| 102|0x0000000088400000, 0x0000000088400000, 0x0000000088500000|  0%| F|  |TAMS 0x0000000088400000, 0x0000000088400000| Untracked 
| 103|0x0000000088500000, 0x0000000088500000, 0x0000000088600000|  0%| F|  |TAMS 0x0000000088500000, 0x0000000088500000| Untracked 
| 104|0x0000000088600000, 0x0000000088600000, 0x0000000088700000|  0%| F|  |TAMS 0x0000000088600000, 0x0000000088600000| Untracked 
| 105|0x0000000088700000, 0x0000000088700000, 0x0000000088800000|  0%| F|  |TAMS 0x0000000088700000, 0x0000000088700000| Untracked 
| 106|0x0000000088800000, 0x0000000088800000, 0x0000000088900000|  0%| F|  |TAMS 0x0000000088800000, 0x0000000088800000| Untracked 
| 107|0x0000000088900000, 0x0000000088900000, 0x0000000088a00000|  0%| F|  |TAMS 0x0000000088900000, 0x0000000088900000| Untracked 
| 108|0x0000000088a00000, 0x0000000088a00000, 0x0000000088b00000|  0%| F|  |TAMS 0x0000000088a00000, 0x0000000088a00000| Untracked 
| 109|0x0000000088b00000, 0x0000000088b00000, 0x0000000088c00000|  0%| F|  |TAMS 0x0000000088b00000, 0x0000000088b00000| Untracked 
| 110|0x0000000088c00000, 0x0000000088c00000, 0x0000000088d00000|  0%| F|  |TAMS 0x0000000088c00000, 0x0000000088c00000| Untracked 
| 111|0x0000000088d00000, 0x0000000088d00000, 0x0000000088e00000|  0%| F|  |TAMS 0x0000000088d00000, 0x0000000088d00000| Untracked 
| 112|0x0000000088e00000, 0x0000000088e00000, 0x0000000088f00000|  0%| F|  |TAMS 0x0000000088e00000, 0x0000000088e00000| Untracked 
| 113|0x0000000088f00000, 0x0000000088f00000, 0x0000000089000000|  0%| F|  |TAMS 0x0000000088f00000, 0x0000000088f00000| Untracked 
| 114|0x0000000089000000, 0x0000000089000000, 0x0000000089100000|  0%| F|  |TAMS 0x0000000089000000, 0x0000000089000000| Untracked 
| 115|0x0000000089100000, 0x0000000089100000, 0x0000000089200000|  0%| F|  |TAMS 0x0000000089100000, 0x0000000089100000| Untracked 
| 116|0x0000000089200000, 0x0000000089200000, 0x0000000089300000|  0%| F|  |TAMS 0x0000000089200000, 0x0000000089200000| Untracked 
| 117|0x0000000089300000, 0x0000000089300000, 0x0000000089400000|  0%| F|  |TAMS 0x0000000089300000, 0x0000000089300000| Untracked 
| 118|0x0000000089400000, 0x0000000089400000, 0x0000000089500000|  0%| F|  |TAMS 0x0000000089400000, 0x0000000089400000| Untracked 
| 119|0x0000000089500000, 0x0000000089500000, 0x0000000089600000|  0%| F|  |TAMS 0x0000000089500000, 0x0000000089500000| Untracked 
| 120|0x0000000089600000, 0x0000000089600000, 0x0000000089700000|  0%| F|  |TAMS 0x0000000089600000, 0x0000000089600000| Untracked 
| 121|0x0000000089700000, 0x0000000089700000, 0x0000000089800000|  0%| F|  |TAMS 0x0000000089700000, 0x0000000089700000| Untracked 
| 122|0x0000000089800000, 0x0000000089800000, 0x0000000089900000|  0%| F|  |TAMS 0x0000000089800000, 0x0000000089800000| Untracked 
| 123|0x0000000089900000, 0x00000000899e6848, 0x0000000089a00000| 90%| E|  |TAMS 0x0000000089900000, 0x0000000089900000| Complete 
| 124|0x0000000089a00000, 0x0000000089b00000, 0x0000000089b00000|100%| E|CS|TAMS 0x0000000089a00000, 0x0000000089a00000| Complete 
| 125|0x0000000089b00000, 0x0000000089c00000, 0x0000000089c00000|100%| E|CS|TAMS 0x0000000089b00000, 0x0000000089b00000| Complete 
| 126|0x0000000089c00000, 0x0000000089d00000, 0x0000000089d00000|100%| E|CS|TAMS 0x0000000089c00000, 0x0000000089c00000| Complete 
| 127|0x0000000089d00000, 0x0000000089e00000, 0x0000000089e00000|100%| E|CS|TAMS 0x0000000089d00000, 0x0000000089d00000| Complete 

Card table byte_map: [0x0000021020dc0000,0x00000210211c0000] _byte_map_base: 0x00000210209b1000

Marking Bits (Prev, Next): (CMBitMap*) 0x000002100dff3aa0, (CMBitMap*) 0x000002100dff3ae0
 Prev Bits: [0x00000210215c0000, 0x0000021023548000)
 Next Bits: [0x0000021023550000, 0x00000210254d8000)

Polling page: 0x000002100d780000

Metaspace:

Usage:
  Non-class:      8.35 MB capacity,     8.27 MB (>99%) used,    78.25 KB ( <1%) free+waste,     5.44 KB ( <1%) overhead. 
      Class:    821.00 KB capacity,   788.55 KB ( 96%) used,    30.77 KB (  4%) free+waste,     1.69 KB ( <1%) overhead. 
       Both:      9.15 MB capacity,     9.04 MB ( 99%) used,   109.02 KB (  1%) free+waste,     7.13 KB ( <1%) overhead. 

Virtual space:
  Non-class space:       10.00 MB reserved,       8.50 MB ( 85%) committed 
      Class space:        1.00 GB reserved,     896.00 KB ( <1%) committed 
             Both:        1.01 GB reserved,       9.38 MB ( <1%) committed 

Chunk freelists:
   Non-Class:  23.00 KB
       Class:  11.00 KB
        Both:  34.00 KB

MaxMetaspaceSize: 17179869184.00 GB
CompressedClassSpaceSize: 1.00 GB

CodeHeap 'non-profiled nmethods': size=120000Kb used=126Kb max_used=126Kb free=119873Kb
 bounds [0x0000021019490000, 0x0000021019700000, 0x00000210209c0000]
CodeHeap 'profiled nmethods': size=120000Kb used=577Kb max_used=577Kb free=119422Kb
 bounds [0x0000021011f60000, 0x00000210121d0000, 0x0000021019490000]
CodeHeap 'non-nmethods': size=5760Kb used=1223Kb max_used=1239Kb free=4536Kb
 bounds [0x00000210119c0000, 0x0000021011c30000, 0x0000021011f60000]
 total_blobs=816 nmethods=430 adapters=299
 compilation: enabled
              stopped_count=0, restarted_count=0
 full_count=0

Compilation events (20 events):
Event: 1.102 Thread 0x0000021028251390  420       4       java.lang.String::charAt (25 bytes)
Event: 1.103 Thread 0x0000021028251390 nmethod 420 0x00000210194af210 code [0x00000210194af3a0, 0x00000210194af508]
Event: 1.103 Thread 0x0000021028251390  391       4       java.util.Objects::requireNonNull (14 bytes)
Event: 1.104 Thread 0x0000021028254860  423   !   3       java.security.cert.Certificate::equals (38 bytes)
Event: 1.104 Thread 0x0000021028251390 nmethod 391 0x00000210194af690 code [0x00000210194af800, 0x00000210194af858]
Event: 1.104 Thread 0x0000021028254860 nmethod 423 0x0000021011feca10 code [0x0000021011fecc80, 0x0000021011fed988]
Event: 1.104 Thread 0x0000021028254860  424       3       sun.security.x509.X509CertImpl::getEncodedInternal (20 bytes)
Event: 1.104 Thread 0x0000021028254860 nmethod 424 0x0000021011fede10 code [0x0000021011fee000, 0x0000021011fee518]
Event: 1.105 Thread 0x0000021028254860  425       3       java.lang.StringConcatHelper::stringOf (20 bytes)
Event: 1.105 Thread 0x0000021028254860 nmethod 425 0x0000021011fee690 code [0x0000021011fee840, 0x0000021011feea68]
Event: 1.106 Thread 0x0000021028254860  426       3       java.lang.StringConcatHelper::mix (27 bytes)
Event: 1.106 Thread 0x0000021028254860 nmethod 426 0x0000021011feeb10 code [0x0000021011feed00, 0x0000021011fef128]
Event: 1.106 Thread 0x0000021028254860  427       3       java.lang.reflect.Modifier::isProtected (12 bytes)
Event: 1.106 Thread 0x0000021028254860 nmethod 427 0x0000021011fef310 code [0x0000021011fef4a0, 0x0000021011fef5d8]
Event: 1.107 Thread 0x0000021028254860  428       3       java.lang.Character::toLowerCase (9 bytes)
Event: 1.107 Thread 0x0000021028254860 nmethod 428 0x0000021011fef690 code [0x0000021011fef840, 0x0000021011fefa18]
Event: 245.717 Thread 0x0000021028254860  429       3       org.eclipse.jdt.launching.internal.org.objectweb.asm.ClassReader::readUnsignedShort (26 bytes)
Event: 245.718 Thread 0x0000021028254860 nmethod 429 0x0000021011fefb10 code [0x0000021011fefca0, 0x0000021011fefdf8]
Event: 245.718 Thread 0x0000021028254860  430       3       java.lang.String::<init> (74 bytes)
Event: 245.718 Thread 0x0000021028254860 nmethod 430 0x0000021011feff10 code [0x0000021011ff00e0, 0x0000021011ff04b8]

GC Heap History (0 events):
No events

Deoptimization events (20 events):
Event: 1.089 Thread 0x000002100dfb0eb0 DEOPT PACKING pc=0x0000021011fd9461 sp=0x00000041f1ff7c40
Event: 1.089 Thread 0x000002100dfb0eb0 DEOPT UNPACKING pc=0x0000021011a0e23f sp=0x00000041f1ff7108 mode 0
Event: 1.089 Thread 0x000002100dfb0eb0 DEOPT PACKING pc=0x0000021011fd9461 sp=0x00000041f1ff7c40
Event: 1.089 Thread 0x000002100dfb0eb0 DEOPT UNPACKING pc=0x0000021011a0e23f sp=0x00000041f1ff7108 mode 0
Event: 1.091 Thread 0x000002100dfb0eb0 DEOPT PACKING pc=0x0000021011fd9461 sp=0x00000041f1ff7bb0
Event: 1.091 Thread 0x000002100dfb0eb0 DEOPT UNPACKING pc=0x0000021011a0e23f sp=0x00000041f1ff7078 mode 0
Event: 1.092 Thread 0x000002100dfb0eb0 DEOPT PACKING pc=0x0000021011fd9461 sp=0x00000041f1ffb720
Event: 1.092 Thread 0x000002100dfb0eb0 DEOPT UNPACKING pc=0x0000021011a0e23f sp=0x00000041f1ffabe8 mode 0
Event: 1.092 Thread 0x000002100dfb0eb0 DEOPT PACKING pc=0x0000021011fd922c sp=0x00000041f1ffb720
Event: 1.092 Thread 0x000002100dfb0eb0 DEOPT UNPACKING pc=0x0000021011a0e23f sp=0x00000041f1ffabe8 mode 0
Event: 1.093 Thread 0x000002100dfb0eb0 DEOPT PACKING pc=0x0000021011fd922c sp=0x00000041f1ffb720
Event: 1.093 Thread 0x000002100dfb0eb0 DEOPT UNPACKING pc=0x0000021011a0e23f sp=0x00000041f1ffabe8 mode 0
Event: 1.093 Thread 0x000002100dfb0eb0 DEOPT PACKING pc=0x0000021011fd922c sp=0x00000041f1ffb720
Event: 1.093 Thread 0x000002100dfb0eb0 DEOPT UNPACKING pc=0x0000021011a0e23f sp=0x00000041f1ffabe8 mode 0
Event: 1.095 Thread 0x000002100dfb0eb0 DEOPT PACKING pc=0x0000021011fd9461 sp=0x00000041f1ff7bc0
Event: 1.095 Thread 0x000002100dfb0eb0 DEOPT UNPACKING pc=0x0000021011a0e23f sp=0x00000041f1ff7088 mode 0
Event: 1.097 Thread 0x000002100dfb0eb0 DEOPT PACKING pc=0x0000021011fd9461 sp=0x00000041f1ffb650
Event: 1.097 Thread 0x000002100dfb0eb0 DEOPT UNPACKING pc=0x0000021011a0e23f sp=0x00000041f1ffab18 mode 0
Event: 1.099 Thread 0x000002100dfb0eb0 DEOPT PACKING pc=0x0000021011fd9461 sp=0x00000041f1ffb720
Event: 1.099 Thread 0x000002100dfb0eb0 DEOPT UNPACKING pc=0x0000021011a0e23f sp=0x00000041f1ffabe8 mode 0

Classes unloaded (0 events):
No events

Classes redefined (2 events):
Event: 172.368 Thread 0x00000210279e8450 redefined class name=Exemplo02, count=1
Event: 245.742 Thread 0x00000210279e8450 redefined class name=Exemplo02, count=2

Internal exceptions (3 events):
Event: 0.892 Thread 0x000002100dfb0eb0 Exception <a 'java/lang/NoSuchMethodError'{0x0000000089b1ead0}: 'void java.lang.invoke.DirectMethodHandle$Holder.invokeStatic(java.lang.Object, java.lang.Object)'> (0x0000000089b1ead0) 
thrown [./open/src/hotspot/share/interpreter/linkResolver.cpp, line 782]
Event: 0.893 Thread 0x000002100dfb0eb0 Exception <a 'java/lang/NoSuchMethodError'{0x0000000089b22778}: 'void java.lang.invoke.DirectMethodHandle$Holder.invokeStaticInit(java.lang.Object, java.lang.Object)'> (0x0000000089b22778) 
thrown [./open/src/hotspot/share/interpreter/linkResolver.cpp, line 782]
Event: 1.036 Thread 0x000002100dfb0eb0 Exception <a 'java/lang/NoSuchMethodError'{0x0000000089903b18}: 'java.lang.Object java.lang.invoke.DirectMethodHandle$Holder.invokeStatic(java.lang.Object)'> (0x0000000089903b18) 
thrown [./open/src/hotspot/share/interpreter/linkResolver.cpp, line 782]

Events (20 events):
Event: 9.182 Executing VM operation: GetFrameCount done
Event: 9.215 Executing VM operation: GetFrameCount
Event: 9.215 Executing VM operation: GetFrameCount done
Event: 172.367 Executing VM operation: RedefineClasses
Event: 172.371 Executing VM operation: RedefineClasses done
Event: 172.393 Executing VM operation: GetFrameCount
Event: 172.394 Executing VM operation: GetFrameCount done
Event: 172.394 Executing VM operation: GetStackTrace
Event: 172.394 Executing VM operation: GetStackTrace done
Event: 172.437 Executing VM operation: GetFrameCount
Event: 172.437 Executing VM operation: GetFrameCount done
Event: 178.500 Executing VM operation: GetFrameCount
Event: 178.500 Executing VM operation: GetFrameCount done
Event: 245.742 Executing VM operation: RedefineClasses
Event: 245.744 Executing VM operation: RedefineClasses done
Event: 245.748 Executing VM operation: ChangeBreakpoints
Event: 245.748 Executing VM operation: ChangeBreakpoints done
Event: 245.757 Executing VM operation: GetFrameCount
Event: 245.757 Executing VM operation: GetFrameCount done
Event: 245.757 Executing VM operation: GetStackTrace


Dynamic libraries:
0x00007ff678dd0000 - 0x00007ff678ddd000 	C:\Users\Hector.H\Documents\eclipse\plugins\org.eclipse.justj.openjdk.hotspot.jre.full.win32.x86_64_15.0.2.v20210201-0955\jre\bin\javaw.exe
0x00007ff9d95d0000 - 0x00007ff9d979f000 	C:\WINDOWS\SYSTEM32\ntdll.dll
0x00007ff9d9390000 - 0x00007ff9d943c000 	C:\WINDOWS\System32\KERNEL32.DLL
0x00007ff9bfc10000 - 0x00007ff9bfc23000 	C:\Program Files\AVG\Antivirus\aswhook.dll
0x00007ff9d67b0000 - 0x00007ff9d69ce000 	C:\WINDOWS\System32\KERNELBASE.dll
0x00007ff9d6a70000 - 0x00007ff9d6b64000 	C:\WINDOWS\System32\ucrtbase.dll
0x00007ff9c45e0000 - 0x00007ff9c45f8000 	C:\Users\Hector.H\Documents\eclipse\plugins\org.eclipse.justj.openjdk.hotspot.jre.full.win32.x86_64_15.0.2.v20210201-0955\jre\bin\jli.dll
0x00007ff9d9460000 - 0x00007ff9d95c6000 	C:\WINDOWS\System32\USER32.dll
0x00007ff9d6560000 - 0x00007ff9d657e000 	C:\WINDOWS\System32\win32u.dll
0x00007ff9d7ca0000 - 0x00007ff9d7cd4000 	C:\WINDOWS\System32\GDI32.dll
0x00007ff9d63d0000 - 0x00007ff9d6553000 	C:\WINDOWS\System32\gdi32full.dll
0x00007ff9c45c0000 - 0x00007ff9c45d9000 	C:\Users\Hector.H\Documents\eclipse\plugins\org.eclipse.justj.openjdk.hotspot.jre.full.win32.x86_64_15.0.2.v20210201-0955\jre\bin\VCRUNTIME140.dll
0x00007ff9cd810000 - 0x00007ff9cda8a000 	C:\WINDOWS\WinSxS\amd64_microsoft.windows.common-controls_6595b64144ccf1df_6.0.14393.4169_none_7de0bbf28341b1f2\COMCTL32.dll
0x00007ff9d71d0000 - 0x00007ff9d726e000 	C:\WINDOWS\System32\msvcrt.dll
0x00007ff9d6f00000 - 0x00007ff9d71c6000 	C:\WINDOWS\System32\combase.dll
0x00007ff9d6c40000 - 0x00007ff9d6d5f000 	C:\WINDOWS\System32\RPCRT4.dll
0x00007ff9d6690000 - 0x00007ff9d66fb000 	C:\WINDOWS\System32\bcryptPrimitives.dll
0x00007ff9d91f0000 - 0x00007ff9d921e000 	C:\WINDOWS\System32\IMM32.DLL
0x00007ff9d1300000 - 0x00007ff9d130c000 	C:\Users\Hector.H\Documents\eclipse\plugins\org.eclipse.justj.openjdk.hotspot.jre.full.win32.x86_64_15.0.2.v20210201-0955\jre\bin\vcruntime140_1.dll
0x00007ff9bcd60000 - 0x00007ff9bcdf1000 	C:\Users\Hector.H\Documents\eclipse\plugins\org.eclipse.justj.openjdk.hotspot.jre.full.win32.x86_64_15.0.2.v20210201-0955\jre\bin\msvcp140.dll
0x00007ff98d780000 - 0x00007ff98e2de000 	C:\Users\Hector.H\Documents\eclipse\plugins\org.eclipse.justj.openjdk.hotspot.jre.full.win32.x86_64_15.0.2.v20210201-0955\jre\bin\server\jvm.dll
0x00007ff9d7af0000 - 0x00007ff9d7b92000 	C:\WINDOWS\System32\ADVAPI32.dll
0x00007ff9d75f0000 - 0x00007ff9d7649000 	C:\WINDOWS\System32\sechost.dll
0x00007ff9d72e0000 - 0x00007ff9d72e8000 	C:\WINDOWS\System32\PSAPI.DLL
0x00007ff9ca0b0000 - 0x00007ff9ca0b9000 	C:\WINDOWS\SYSTEM32\WSOCK32.dll
0x00007ff9d7650000 - 0x00007ff9d76ba000 	C:\WINDOWS\System32\WS2_32.dll
0x00007ff9d3fb0000 - 0x00007ff9d3fd3000 	C:\WINDOWS\SYSTEM32\WINMM.dll
0x00007ff9d0ba0000 - 0x00007ff9d0baa000 	C:\WINDOWS\SYSTEM32\VERSION.dll
0x00007ff9d3f20000 - 0x00007ff9d3f4b000 	C:\WINDOWS\SYSTEM32\WINMMBASE.dll
0x00007ff9d61b0000 - 0x00007ff9d61f2000 	C:\WINDOWS\System32\cfgmgr32.dll
0x00007ff9d5a70000 - 0x00007ff9d5a7f000 	C:\WINDOWS\System32\kernel.appcore.dll
0x00007ff9d12c0000 - 0x00007ff9d12ca000 	C:\Users\Hector.H\Documents\eclipse\plugins\org.eclipse.justj.openjdk.hotspot.jre.full.win32.x86_64_15.0.2.v20210201-0955\jre\bin\jimage.dll
0x00007ff9cf030000 - 0x00007ff9cf1c2000 	C:\WINDOWS\SYSTEM32\DBGHELP.DLL
0x00007ff9cdab0000 - 0x00007ff9cdad9000 	C:\WINDOWS\SYSTEM32\dbgcore.DLL
0x00007ff9bf960000 - 0x00007ff9bf999000 	C:\Users\Hector.H\Documents\eclipse\plugins\org.eclipse.justj.openjdk.hotspot.jre.full.win32.x86_64_15.0.2.v20210201-0955\jre\bin\jdwp.dll
0x00007ff9d1390000 - 0x00007ff9d139e000 	C:\Users\Hector.H\Documents\eclipse\plugins\org.eclipse.justj.openjdk.hotspot.jre.full.win32.x86_64_15.0.2.v20210201-0955\jre\bin\instrument.dll
0x00007ff9bccb0000 - 0x00007ff9bccd5000 	C:\Users\Hector.H\Documents\eclipse\plugins\org.eclipse.justj.openjdk.hotspot.jre.full.win32.x86_64_15.0.2.v20210201-0955\jre\bin\java.dll
0x00007ff9beb80000 - 0x00007ff9beb98000 	C:\Users\Hector.H\Documents\eclipse\plugins\org.eclipse.justj.openjdk.hotspot.jre.full.win32.x86_64_15.0.2.v20210201-0955\jre\bin\zip.dll
0x00007ff9d7ce0000 - 0x00007ff9d91e5000 	C:\WINDOWS\System32\SHELL32.dll
0x00007ff9d5ad0000 - 0x00007ff9d61a3000 	C:\WINDOWS\System32\windows.storage.dll
0x00007ff9d5a80000 - 0x00007ff9d5acc000 	C:\WINDOWS\System32\powrprof.dll
0x00007ff9d6ea0000 - 0x00007ff9d6ef2000 	C:\WINDOWS\System32\shlwapi.dll
0x00007ff9d6580000 - 0x00007ff9d6628000 	C:\WINDOWS\System32\shcore.dll
0x00007ff9d5a40000 - 0x00007ff9d5a54000 	C:\WINDOWS\System32\profapi.dll
0x00007ff9cea40000 - 0x00007ff9cea4b000 	C:\Users\Hector.H\Documents\eclipse\plugins\org.eclipse.justj.openjdk.hotspot.jre.full.win32.x86_64_15.0.2.v20210201-0955\jre\bin\dt_socket.dll
0x00007ff9d5050000 - 0x00007ff9d5088000 	C:\WINDOWS\SYSTEM32\IPHLPAPI.DLL
0x00007ff9d5310000 - 0x00007ff9d536d000 	C:\WINDOWS\system32\mswsock.dll
0x00007ff9d5090000 - 0x00007ff9d5132000 	C:\WINDOWS\SYSTEM32\DNSAPI.dll
0x00007ff9d6c30000 - 0x00007ff9d6c38000 	C:\WINDOWS\System32\NSI.dll
0x00007ff9c32f0000 - 0x00007ff9c32fa000 	C:\Windows\System32\rasadhlp.dll
0x00007ff9cb210000 - 0x00007ff9cb27a000 	C:\WINDOWS\System32\fwpuclnt.dll
0x00007ff9d5990000 - 0x00007ff9d59bb000 	C:\WINDOWS\SYSTEM32\bcrypt.dll
0x00007ff9be910000 - 0x00007ff9be929000 	C:\Users\Hector.H\Documents\eclipse\plugins\org.eclipse.justj.openjdk.hotspot.jre.full.win32.x86_64_15.0.2.v20210201-0955\jre\bin\net.dll
0x00007ff9c9910000 - 0x00007ff9c99dd000 	C:\WINDOWS\SYSTEM32\WINHTTP.dll
0x00007ff9be580000 - 0x00007ff9be592000 	C:\Users\Hector.H\Documents\eclipse\plugins\org.eclipse.justj.openjdk.hotspot.jre.full.win32.x86_64_15.0.2.v20210201-0955\jre\bin\nio.dll
0x00007ff9cd420000 - 0x00007ff9cd430000 	C:\Users\Hector.H\Documents\eclipse\plugins\org.eclipse.justj.openjdk.hotspot.jre.full.win32.x86_64_15.0.2.v20210201-0955\jre\bin\verify.dll

dbghelp: loaded successfully - version: 4.0.5 - missing functions: none
symbol engine: initialized successfully - sym options: 0x614 - pdb path: .;C:\Users\Hector.H\Documents\eclipse\plugins\org.eclipse.justj.openjdk.hotspot.jre.full.win32.x86_64_15.0.2.v20210201-0955\jre\bin;C:\WINDOWS\SYSTEM32;C:\Program Files\AVG\Antivirus;C:\WINDOWS\WinSxS\amd64_microsoft.windows.common-controls_6595b64144ccf1df_6.0.14393.4169_none_7de0bbf28341b1f2;C:\Users\Hector.H\Documents\eclipse\plugins\org.eclipse.justj.openjdk.hotspot.jre.full.win32.x86_64_15.0.2.v20210201-0955\jre\bin\server

VM Arguments:
jvm_args: -XX:+ShowCodeDetailsInExceptionMessages -agentlib:jdwp=transport=dt_socket,suspend=y,address=localhost:60955 -javaagent:C:\Users\Hector.H\Documents\eclipse\configuration\org.eclipse.osgi\412\0\.cp\lib\javaagent-shaded.jar -Dfile.encoding=Cp1252 
java_command: Exemplo02
java_class_path (initial): C:\Users\Hector.H\Documents\PROJETO-JAVA-SENAI\workspace-2021\ExemplosOP\bin
Launcher Type: SUN_STANDARD

[Global flags]
     intx CICompilerCount                          = 3                                         {product} {ergonomic}
     uint ConcGCThreads                            = 1                                         {product} {ergonomic}
     uint G1ConcRefinementThreads                  = 4                                         {product} {ergonomic}
   size_t G1HeapRegionSize                         = 1048576                                   {product} {ergonomic}
    uintx GCDrainStackTargetSize                   = 64                                        {product} {ergonomic}
   size_t InitialHeapSize                          = 134217728                                 {product} {ergonomic}
   size_t MarkStackSize                            = 4194304                                   {product} {ergonomic}
   size_t MaxHeapSize                              = 2116026368                                {product} {ergonomic}
   size_t MaxNewSize                               = 1268776960                                {product} {ergonomic}
   size_t MinHeapDeltaBytes                        = 1048576                                   {product} {ergonomic}
   size_t MinHeapSize                              = 8388608                                   {product} {ergonomic}
    uintx NonNMethodCodeHeapSize                   = 5832780                                {pd product} {ergonomic}
    uintx NonProfiledCodeHeapSize                  = 122912730                              {pd product} {ergonomic}
    uintx ProfiledCodeHeapSize                     = 122912730                              {pd product} {ergonomic}
    uintx ReservedCodeCacheSize                    = 251658240                              {pd product} {ergonomic}
     bool SegmentedCodeCache                       = true                                      {product} {ergonomic}
     bool ShowCodeDetailsInExceptionMessages       = true                                   {manageable} {command line}
   size_t SoftMaxHeapSize                          = 2116026368                             {manageable} {ergonomic}
     bool UseCompressedClassPointers               = true                                 {lp64_product} {ergonomic}
     bool UseCompressedOops                        = true                                 {lp64_product} {ergonomic}
     bool UseG1GC                                  = true                                      {product} {ergonomic}
     bool UseLargePagesIndividualAllocation        = false                                  {pd product} {ergonomic}

Logging:
Log output configuration:
 #0: stdout all=warning uptime,level,tags
 #1: stderr all=off uptime,level,tags

Environment Variables:
PATH=C:\Users\Hector.H\Documents\eclipse\plugins\org.eclipse.justj.openjdk.hotspot.jre.full.win32.x86_64_15.0.2.v20210201-0955\jre\bin;C:/Users/Hector.H/Documents/eclipse//plugins/org.eclipse.justj.openjdk.hotspot.jre.full.win32.x86_64_15.0.2.v20210201-0955/jre/bin/server;C:/Users/Hector.H/Documents/eclipse//plugins/org.eclipse.justj.openjdk.hotspot.jre.full.win32.x86_64_15.0.2.v20210201-0955/jre/bin;C:\Program Files\Common Files\Oracle\Java\javapath;C:\WINDOWS\system32;C:\WINDOWS;C:\WINDOWS\System32\Wbem;C:\WINDOWS\System32\WindowsPowerShell\v1.0\;C:\Program Files (x86)\NVIDIA Corporation\PhysX\Common;C:\Program Files\NVIDIA Corporation\NVIDIA NvDLISR;C:\Program Files\Git\cmd;C:\Program Files\Java\jdk-11.0.11\bin;C:\Users\Hector.H\anaconda3;C:\Users\Hector.H\anaconda3\Library\mingw-w64\bin;C:\Users\Hector.H\anaconda3\Library\usr\bin;C:\Users\Hector.H\anaconda3\Library\bin;C:\Users\Hector.H\anaconda3\Scripts;C:\Users\Hector.H\AppData\Local\Programs\Python\Python37-32\Scripts\;C:\Users\Hector.H\AppData\Local\Programs\Python\Python37-32\;C:\Users\Hector.H\AppData\Local\Microsoft\WindowsApps;C:\Users\Hector.H\Documents\eclipse;
USERNAME=Hector.H
OS=Windows_NT
PROCESSOR_IDENTIFIER=Intel64 Family 6 Model 58 Stepping 9, GenuineIntel



---------------  S Y S T E M  ---------------

OS:
 Windows 10 , 64 bit Build 14393 (10.0.14393.4350)
OS uptime: 4 days 10:18 hours

CPU: total 4 (initial active 4) (2 cores per cpu, 2 threads per core) family 6 model 58 stepping 9 microcode 0x20, cmov, cx8, fxsr, mmx, sse, sse2, sse3, ssse3, sse4.1, sse4.2, popcnt, vzeroupper, avx, clmul, erms, ht, tsc, tscinvbit, tscinv, clflush

Memory: 4k page, system-wide physical 8068M (3841M free)
TotalPageFile size 9348M (AvailPageFile size 4065M)
current process WorkingSet (physical memory assigned to process): 46M, peak: 48M
current process commit charge ("private bytes"): 202M, peak: 204M

vm_info: OpenJDK 64-Bit Server VM (15.0.2+7-27) for windows-amd64 JRE (15.0.2+7-27), built on Dec  7 2020 20:02:38 by "mach5one" with unknown MS VC++:1925

END.
